15:32:24 **** Incremental Build of configuration Debug for project BLE_dongle ****
make -j8 all 
arm-none-eabi-gcc "../Core/Src/main.c" -mcpu=cortex-m4 -std=gnu11 -g3 -DDEBUG -DUSE_HAL_DRIVER -DSTM32WB55xx -c -I../Core/Inc -I../Drivers/STM32WBxx_HAL_Driver/Inc -I../Drivers/STM32WBxx_HAL_Driver/Inc/Legacy -I../Drivers/CMSIS/Device/ST/STM32WBxx/Include -I../Drivers/CMSIS/Include -O0 -ffunction-sections -fdata-sections -Wall -fstack-usage -MMD -MP -MF"Core/Src/main.d" -MT"Core/Src/main.o" --specs=nano.specs -mfpu=fpv4-sp-d16 -mfloat-abi=hard -mthumb -o "Core/Src/main.o"
arm-none-eabi-gcc "../Core/Src/stm32wbxx_hal_msp.c" -mcpu=cortex-m4 -std=gnu11 -g3 -DDEBUG -DUSE_HAL_DRIVER -DSTM32WB55xx -c -I../Core/Inc -I../Drivers/STM32WBxx_HAL_Driver/Inc -I../Drivers/STM32WBxx_HAL_Driver/Inc/Legacy -I../Drivers/CMSIS/Device/ST/STM32WBxx/Include -I../Drivers/CMSIS/Include -O0 -ffunction-sections -fdata-sections -Wall -fstack-usage -MMD -MP -MF"Core/Src/stm32wbxx_hal_msp.d" -MT"Core/Src/stm32wbxx_hal_msp.o" --specs=nano.specs -mfpu=fpv4-sp-d16 -mfloat-abi=hard -mthumb -o "Core/Src/stm32wbxx_hal_msp.o"
arm-none-eabi-gcc "../Core/Src/app_debug.c" -mcpu=cortex-m4 -std=gnu11 -g3 -DDEBUG -DUSE_HAL_DRIVER -DSTM32WB55xx -c -I../Core/Inc -I../Drivers/STM32WBxx_HAL_Driver/Inc -I../Drivers/STM32WBxx_HAL_Driver/Inc/Legacy -I../Drivers/CMSIS/Device/ST/STM32WBxx/Include -I../Drivers/CMSIS/Include -O0 -ffunction-sections -fdata-sections -Wall -fstack-usage -MMD -MP -MF"Core/Src/app_debug.d" -MT"Core/Src/app_debug.o" --specs=nano.specs -mfpu=fpv4-sp-d16 -mfloat-abi=hard -mthumb -o "Core/Src/app_debug.o"
arm-none-eabi-gcc "../Core/Src/app_entry.c" -mcpu=cortex-m4 -std=gnu11 -g3 -DDEBUG -DUSE_HAL_DRIVER -DSTM32WB55xx -c -I../Core/Inc -I../Drivers/STM32WBxx_HAL_Driver/Inc -I../Drivers/STM32WBxx_HAL_Driver/Inc/Legacy -I../Drivers/CMSIS/Device/ST/STM32WBxx/Include -I../Drivers/CMSIS/Include -O0 -ffunction-sections -fdata-sections -Wall -fstack-usage -MMD -MP -MF"Core/Src/app_entry.d" -MT"Core/Src/app_entry.o" --specs=nano.specs -mfpu=fpv4-sp-d16 -mfloat-abi=hard -mthumb -o "Core/Src/app_entry.o"
arm-none-eabi-gcc "../Core/Src/hw_timerserver.c" -mcpu=cortex-m4 -std=gnu11 -g3 -DDEBUG -DUSE_HAL_DRIVER -DSTM32WB55xx -c -I../Core/Inc -I../Drivers/STM32WBxx_HAL_Driver/Inc -I../Drivers/STM32WBxx_HAL_Driver/Inc/Legacy -I../Drivers/CMSIS/Device/ST/STM32WBxx/Include -I../Drivers/CMSIS/Include -O0 -ffunction-sections -fdata-sections -Wall -fstack-usage -MMD -MP -MF"Core/Src/hw_timerserver.d" -MT"Core/Src/hw_timerserver.o" --specs=nano.specs -mfpu=fpv4-sp-d16 -mfloat-abi=hard -mthumb -o "Core/Src/hw_timerserver.o"
arm-none-eabi-gcc "../Core/Src/hw_uart.c" -mcpu=cortex-m4 -std=gnu11 -g3 -DDEBUG -DUSE_HAL_DRIVER -DSTM32WB55xx -c -I../Core/Inc -I../Drivers/STM32WBxx_HAL_Driver/Inc -I../Drivers/STM32WBxx_HAL_Driver/Inc/Legacy -I../Drivers/CMSIS/Device/ST/STM32WBxx/Include -I../Drivers/CMSIS/Include -O0 -ffunction-sections -fdata-sections -Wall -fstack-usage -MMD -MP -MF"Core/Src/hw_uart.d" -MT"Core/Src/hw_uart.o" --specs=nano.specs -mfpu=fpv4-sp-d16 -mfloat-abi=hard -mthumb -o "Core/Src/hw_uart.o"
arm-none-eabi-gcc "../Core/Src/stm32_lpm_if.c" -mcpu=cortex-m4 -std=gnu11 -g3 -DDEBUG -DUSE_HAL_DRIVER -DSTM32WB55xx -c -I../Core/Inc -I../Drivers/STM32WBxx_HAL_Driver/Inc -I../Drivers/STM32WBxx_HAL_Driver/Inc/Legacy -I../Drivers/CMSIS/Device/ST/STM32WBxx/Include -I../Drivers/CMSIS/Include -O0 -ffunction-sections -fdata-sections -Wall -fstack-usage -MMD -MP -MF"Core/Src/stm32_lpm_if.d" -MT"Core/Src/stm32_lpm_if.o" --specs=nano.specs -mfpu=fpv4-sp-d16 -mfloat-abi=hard -mthumb -o "Core/Src/stm32_lpm_if.o"
arm-none-eabi-gcc "../Core/Src/stm32wbxx_it.c" -mcpu=cortex-m4 -std=gnu11 -g3 -DDEBUG -DUSE_HAL_DRIVER -DSTM32WB55xx -c -I../Core/Inc -I../Drivers/STM32WBxx_HAL_Driver/Inc -I../Drivers/STM32WBxx_HAL_Driver/Inc/Legacy -I../Drivers/CMSIS/Device/ST/STM32WBxx/Include -I../Drivers/CMSIS/Include -O0 -ffunction-sections -fdata-sections -Wall -fstack-usage -MMD -MP -MF"Core/Src/stm32wbxx_it.d" -MT"Core/Src/stm32wbxx_it.o" --specs=nano.specs -mfpu=fpv4-sp-d16 -mfloat-abi=hard -mthumb -o "Core/Src/stm32wbxx_it.o"
../Core/Src/stm32_lpm_if.c:23:10: fatal error: stm32_lpm.h: No such file or directory
   23 | #include "stm32_lpm.h"
      |          ^~~~~~~~~~~~~
compilation terminated.
In file included from ../Drivers/STM32WBxx_HAL_Driver/Inc/stm32wbxx_hal.h:30,
                 from ../Core/Inc/main.h:26,
                 from ../Core/Src/main.c:21:
../Core/Inc/stm32wbxx_hal_conf.h:204:12: fatal error: stm32wbxx_hal_adc.h: No such file or directory
  204 |   #include "stm32wbxx_hal_adc.h"
      |            ^~~~~~~~~~~~~~~~~~~~~
compilation terminated.
In file included from ../Drivers/STM32WBxx_HAL_Driver/Inc/stm32wbxx_hal.h:30,
                 from ../Core/Inc/main.h:26,
                 from ../Core/Src/stm32wbxx_hal_msp.c:23:
../Core/Inc/stm32wbxx_hal_conf.h:204:12: fatal error: stm32wbxx_hal_adc.h: No such file or directory
  204 |   #include "stm32wbxx_hal_adc.h"
      |            ^~~~~~~~~~~~~~~~~~~~~
compilation terminated.
make: *** [Core/Src/subdir.mk:59: Core/Src/stm32_lpm_if.o] Error 1
make: *** Waiting for unfinished jobs....
In file included from ../Drivers/STM32WBxx_HAL_Driver/Inc/stm32wbxx_hal.h:30,
                 from ../Drivers/CMSIS/Device/ST/STM32WBxx/Include/stm32wbxx.h:159,
                 from ../Core/Inc/hw_if.h:31,
                 from ../Core/Inc/app_conf.h:27,
                 from ../Core/Inc/app_common.h:36,
                 from ../Core/Src/hw_uart.c:21:
../Core/Inc/stm32wbxx_hal_conf.h:204:12: fatal error: stm32wbxx_hal_adc.h: No such file or directory
  204 |   #include "stm32wbxx_hal_adc.h"
      |            ^~~~~~~~~~~~~~~~~~~~~
compilation terminated.
In file included from ../Drivers/STM32WBxx_HAL_Driver/Inc/stm32wbxx_hal.h:30,
                 from ../Drivers/CMSIS/Device/ST/STM32WBxx/Include/stm32wbxx.h:159,
                 from ../Core/Inc/hw_if.h:31,
                 from ../Core/Inc/app_conf.h:27,
                 from ../Core/Inc/app_common.h:36,
                 from ../Core/Src/app_debug.c:22:
../Core/Inc/stm32wbxx_hal_conf.h:204:12: fatal error: stm32wbxx_hal_adc.h: No such file or directory
  204 |   #include "stm32wbxx_hal_adc.h"
      |            ^~~~~~~~~~~~~~~~~~~~~
compilation terminated.
In file included from ../Drivers/STM32WBxx_HAL_Driver/Inc/stm32wbxx_hal.h:30,
                 from ../Drivers/CMSIS/Device/ST/STM32WBxx/Include/stm32wbxx.h:159,
                 from ../Core/Inc/hw_if.h:31,
                 from ../Core/Inc/app_conf.h:27,
                 from ../Core/Inc/app_common.h:36,
                 from ../Core/Src/app_entry.c:22:
../Core/Inc/stm32wbxx_hal_conf.h:204:12: fatal error: stm32wbxx_hal_adc.h: No such file or directory
  204 |   #include "stm32wbxx_hal_adc.h"
      |            ^~~~~~~~~~~~~~~~~~~~~
compilation terminated.
In file included from ../Drivers/STM32WBxx_HAL_Driver/Inc/stm32wbxx_hal.h:30,
                 from ../Drivers/CMSIS/Device/ST/STM32WBxx/Include/stm32wbxx.h:159,
                 from ../Core/Inc/hw_if.h:31,
                 from ../Core/Inc/app_conf.h:27,
                 from ../Core/Inc/app_common.h:36,
                 from ../Core/Src/hw_timerserver.c:21:
../Core/Inc/stm32wbxx_hal_conf.h:204:12: fatal error: stm32wbxx_hal_adc.h: No such file or directory
  204 |   #include "stm32wbxx_hal_adc.h"
      |            ^~~~~~~~~~~~~~~~~~~~~
compilation terminated.
make: *** [Core/Src/subdir.mk:61: Core/Src/stm32wbxx_hal_msp.o] Error 1
make: *** [Core/Src/subdir.mk:57: Core/Src/main.o] Error 1
make: *** [Core/Src/subdir.mk:55: Core/Src/hw_uart.o] Error 1
In file included from ../Drivers/STM32WBxx_HAL_Driver/Inc/stm32wbxx_hal.h:30,
                 from ../Drivers/CMSIS/Device/ST/STM32WBxx/Include/stm32wbxx.h:159,
                 from ../Core/Inc/hw_if.h:31,
                 from ../Core/Inc/app_conf.h:27,
                 from ../Core/Inc/app_common.h:36,
                 from ../Core/Src/stm32wbxx_it.c:24:
../Core/Inc/stm32wbxx_hal_conf.h:204:12: fatal error: stm32wbxx_hal_adc.h: No such file or directory
  204 |   #include "stm32wbxx_hal_adc.h"
      |            ^~~~~~~~~~~~~~~~~~~~~
compilation terminated.
make: *** [Core/Src/subdir.mk:51: Core/Src/app_entry.o] Error 1
make: *** [Core/Src/subdir.mk:53: Core/Src/hw_timerserver.o] Error 1
make: *** [Core/Src/subdir.mk:49: Core/Src/app_debug.o] Error 1
make: *** [Core/Src/subdir.mk:63: Core/Src/stm32wbxx_it.o] Error 1
"make -j8 all" terminated with exit code 2. Build might be incomplete.

15:32:27 Build Failed. 17 errors, 0 warnings. (took 3s.64ms)

